[19:29:37][jomini_script_system.cpp:265]: Script system error!
  Error: Event target link 'c' returned an unset scope
  Script location: file: common/on_actions/worwm_code_on_actions.txt line: 111

[19:29:37][jomini_script_system.cpp:265]: Script system error!
  Error: Invalid right side during comparison 'c'
  Script location: file: common/on_actions/worwm_code_on_actions.txt line: 111

[19:29:37][jomini_script_system.cpp:265]: Script system error!
  Error: Event target link 'c' returned an unset scope
  Script location: file: common/on_actions/worwm_code_on_actions.txt line: 112

[19:29:37][jomini_script_system.cpp:265]: Script system error!
  Error: Invalid right side during comparison 'c'
  Script location: file: common/on_actions/worwm_code_on_actions.txt line: 112

[19:29:37][jomini_script_system.cpp:265]: Script system error!
  Error: Event target link 'c' returned an unset scope
  Script location: file: common/on_actions/worwm_code_on_actions.txt line: 113

[19:29:37][jomini_script_system.cpp:265]: Script system error!
  Error: Invalid right side during comparison 'c'
  Script location: file: common/on_actions/worwm_code_on_actions.txt line: 113

[19:29:37][jomini_script_system.cpp:265]: Script system error!
  Error: Event target link 'c' returned an unset scope
  Script location: file: common/on_actions/worwm_code_on_actions.txt line: 114

[19:29:37][jomini_script_system.cpp:265]: Script system error!
  Error: Invalid right side during comparison 'c'
  Script location: file: common/on_actions/worwm_code_on_actions.txt line: 114

[19:29:37][jomini_script_system.cpp:265]: Script system error!
  Error: Event target link 'c' returned an unset scope
  Script location: file: common/on_actions/worwm_code_on_actions.txt line: 115

[19:29:37][jomini_script_system.cpp:265]: Script system error!
  Error: Invalid right side during comparison 'c'
  Script location: file: common/on_actions/worwm_code_on_actions.txt line: 115

[19:29:37][jomini_script_system.cpp:265]: Script system error!
  Error: Event target link 'c' returned an unset scope
  Script location: file: common/on_actions/worwm_code_on_actions.txt line: 116

[19:29:37][jomini_script_system.cpp:265]: Script system error!
  Error: Invalid right side during comparison 'c'
  Script location: file: common/on_actions/worwm_code_on_actions.txt line: 116

[19:29:37][jomini_script_system.cpp:265]: Script system error!
  Error: Event target link 'c' returned an unset scope
  Script location: file: common/on_actions/worwm_code_on_actions.txt line: 117

[19:29:37][jomini_script_system.cpp:265]: Script system error!
  Error: Invalid right side during comparison 'c'
  Script location: file: common/on_actions/worwm_code_on_actions.txt line: 117

[19:29:37][jomini_script_system.cpp:265]: Script system error!
  Error: Event target link 'c' returned an unset scope
  Script location: file: common/on_actions/worwm_code_on_actions.txt line: 119

[19:29:37][jomini_script_system.cpp:265]: Script system error!
  Error: Invalid right side during comparison 'c'
  Script location: file: common/on_actions/worwm_code_on_actions.txt line: 119

[19:29:37][jomini_script_system.cpp:265]: Script system error!
  Error: Event target link 'c' returned an unset scope
  Script location: file: common/on_actions/worwm_code_on_actions.txt line: 120

[19:29:37][jomini_script_system.cpp:265]: Script system error!
  Error: Invalid right side during comparison 'c'
  Script location: file: common/on_actions/worwm_code_on_actions.txt line: 120

[19:29:37][jomini_script_system.cpp:265]: Script system error!
  Error: Event target link 'c' returned an unset scope
  Script location: file: common/on_actions/worwm_code_on_actions.txt line: 121

[19:29:37][jomini_script_system.cpp:265]: Script system error!
  Error: Invalid right side during comparison 'c'
  Script location: file: common/on_actions/worwm_code_on_actions.txt line: 121

[19:29:37][jomini_script_system.cpp:265]: Script system error!
  Error: Event target link 'c' returned an unset scope
  Script location: file: common/on_actions/worwm_code_on_actions.txt line: 122

[19:29:37][jomini_script_system.cpp:265]: Script system error!
  Error: Invalid right side during comparison 'c'
  Script location: file: common/on_actions/worwm_code_on_actions.txt line: 122

[19:29:37][jomini_script_system.cpp:265]: Script system error!
  Error: Event target link 'c' returned an unset scope
  Script location: file: common/on_actions/worwm_code_on_actions.txt line: 123

[19:29:37][jomini_script_system.cpp:265]: Script system error!
  Error: Invalid right side during comparison 'c'
  Script location: file: common/on_actions/worwm_code_on_actions.txt line: 123

[19:29:37][jomini_script_system.cpp:265]: Script system error!
  Error: Event target link 'c' returned an unset scope
  Script location: file: common/on_actions/worwm_code_on_actions.txt line: 124

[19:29:37][jomini_script_system.cpp:265]: Script system error!
  Error: Invalid right side during comparison 'c'
  Script location: file: common/on_actions/worwm_code_on_actions.txt line: 124

[19:29:37][jomini_script_system.cpp:265]: Script system error!
  Error: Event target link 'c' returned an unset scope
  Script location: file: common/on_actions/worwm_code_on_actions.txt line: 138

[19:29:37][jomini_script_system.cpp:265]: Script system error!
  Error: is_subject_of trigger [ Invalid Country! ]
  Script location: file: common/on_actions/worwm_code_on_actions.txt line: 138

[19:29:41][jomini_script_system.cpp:265]: Script system error!
  Error: Event target link 'c' returned an unset scope
  Script location: file: common/on_actions/worwm_code_on_actions.txt line: 105

[19:29:41][jomini_script_system.cpp:265]: Script system error!
  Error: is_subject_of trigger [ Invalid Country! ]
  Script location: file: common/on_actions/worwm_code_on_actions.txt line: 105

[19:29:41][jomini_script_system.cpp:265]: Script system error!
  Error: Event target link 'c' returned an unset scope
  Script location: file: common/on_actions/worwm_code_on_actions.txt line: 138

[19:29:41][jomini_script_system.cpp:265]: Script system error!
  Error: is_subject_of trigger [ Invalid Country! ]
  Script location: file: common/on_actions/worwm_code_on_actions.txt line: 138

[19:29:41][jomini_script_system.cpp:265]: Script system error!
  Error: Event target link 'c' returned an unset scope
  Script location: file: common/on_actions/worwm_code_on_actions.txt line: 105

[19:29:41][jomini_script_system.cpp:265]: Script system error!
  Error: is_subject_of trigger [ Invalid Country! ]
  Script location: file: common/on_actions/worwm_code_on_actions.txt line: 105

[19:29:41][jomini_script_system.cpp:265]: Script system error!
  Error: Event target link 'c' returned an unset scope
  Script location: file: common/on_actions/worwm_code_on_actions.txt line: 110

[19:29:41][jomini_script_system.cpp:265]: Script system error!
  Error: Invalid right side during comparison 'c'
  Script location: file: common/on_actions/worwm_code_on_actions.txt line: 110

[19:29:41][jomini_script_system.cpp:265]: Script system error!
  Error: Event target link 'c' returned an unset scope
  Script location: file: common/on_actions/worwm_code_on_actions.txt line: 111

[19:29:41][jomini_script_system.cpp:265]: Script system error!
  Error: Invalid right side during comparison 'c'
  Script location: file: common/on_actions/worwm_code_on_actions.txt line: 111

[19:29:41][jomini_script_system.cpp:265]: Script system error!
  Error: Event target link 'c' returned an unset scope
  Script location: file: common/on_actions/worwm_code_on_actions.txt line: 112

[19:29:41][jomini_script_system.cpp:265]: Script system error!
  Error: Invalid right side during comparison 'c'
  Script location: file: common/on_actions/worwm_code_on_actions.txt line: 112

[19:29:41][jomini_script_system.cpp:265]: Script system error!
  Error: Event target link 'c' returned an unset scope
  Script location: file: common/on_actions/worwm_code_on_actions.txt line: 113

[19:29:41][jomini_script_system.cpp:265]: Script system error!
  Error: Invalid right side during comparison 'c'
  Script location: file: common/on_actions/worwm_code_on_actions.txt line: 113

[19:29:41][jomini_script_system.cpp:265]: Script system error!
  Error: Event target link 'c' returned an unset scope
  Script location: file: common/on_actions/worwm_code_on_actions.txt line: 114

[19:29:41][jomini_script_system.cpp:265]: Script system error!
  Error: Invalid right side during comparison 'c'
  Script location: file: common/on_actions/worwm_code_on_actions.txt line: 114

[19:29:41][jomini_script_system.cpp:265]: Script system error!
  Error: Event target link 'c' returned an unset scope
  Script location: file: common/on_actions/worwm_code_on_actions.txt line: 115

[19:29:41][jomini_script_system.cpp:265]: Script system error!
  Error: Invalid right side during comparison 'c'
  Script location: file: common/on_actions/worwm_code_on_actions.txt line: 115

[19:29:41][jomini_script_system.cpp:265]: Script system error!
  Error: Event target link 'c' returned an unset scope
  Script location: file: common/on_actions/worwm_code_on_actions.txt line: 116

[19:29:41][jomini_script_system.cpp:265]: Script system error!
  Error: Invalid right side during comparison 'c'
  Script location: file: common/on_actions/worwm_code_on_actions.txt line: 116

[19:29:41][jomini_script_system.cpp:265]: Script system error!
  Error: Event target link 'c' returned an unset scope
  Script location: file: common/on_actions/worwm_code_on_actions.txt line: 117

[19:29:41][jomini_script_system.cpp:265]: Script system error!
  Error: Invalid right side during comparison 'c'
  Script location: file: common/on_actions/worwm_code_on_actions.txt line: 117

[19:29:41][jomini_script_system.cpp:265]: Script system error!
  Error: Event target link 'c' returned an unset scope
  Script location: file: common/on_actions/worwm_code_on_actions.txt line: 119

[19:29:41][jomini_script_system.cpp:265]: Script system error!
  Error: Invalid right side during comparison 'c'
  Script location: file: common/on_actions/worwm_code_on_actions.txt line: 119

[19:29:41][jomini_script_system.cpp:265]: Script system error!
  Error: Event target link 'c' returned an unset scope
  Script location: file: common/on_actions/worwm_code_on_actions.txt line: 120

[19:29:41][jomini_script_system.cpp:265]: Script system error!
  Error: Invalid right side during comparison 'c'
  Script location: file: common/on_actions/worwm_code_on_actions.txt line: 120

[19:29:41][jomini_script_system.cpp:265]: Script system error!
  Error: Event target link 'c' returned an unset scope
  Script location: file: common/on_actions/worwm_code_on_actions.txt line: 121

[19:29:41][jomini_script_system.cpp:265]: Script system error!
  Error: Invalid right side during comparison 'c'
  Script location: file: common/on_actions/worwm_code_on_actions.txt line: 121

[19:29:41][jomini_script_system.cpp:265]: Script system error!
  Error: Event target link 'c' returned an unset scope
  Script location: file: common/on_actions/worwm_code_on_actions.txt line: 122

[19:29:41][jomini_script_system.cpp:265]: Script system error!
  Error: Invalid right side during comparison 'c'
  Script location: file: common/on_actions/worwm_code_on_actions.txt line: 122

[19:29:41][jomini_script_system.cpp:265]: Script system error!
  Error: Event target link 'c' returned an unset scope
  Script location: file: common/on_actions/worwm_code_on_actions.txt line: 123

[19:29:41][jomini_script_system.cpp:265]: Script system error!
  Error: Invalid right side during comparison 'c'
  Script location: file: common/on_actions/worwm_code_on_actions.txt line: 123

[19:29:41][jomini_script_system.cpp:265]: Script system error!
  Error: Event target link 'c' returned an unset scope
  Script location: file: common/on_actions/worwm_code_on_actions.txt line: 124

[19:29:41][jomini_script_system.cpp:265]: Script system error!
  Error: Invalid right side during comparison 'c'
  Script location: file: common/on_actions/worwm_code_on_actions.txt line: 124

[19:29:41][jomini_script_system.cpp:265]: Script system error!
  Error: Event target link 'c' returned an unset scope
  Script location: file: common/on_actions/worwm_code_on_actions.txt line: 138

[19:29:41][jomini_script_system.cpp:265]: Script system error!
  Error: is_subject_of trigger [ Invalid Country! ]
  Script location: file: common/on_actions/worwm_code_on_actions.txt line: 138

[19:29:45][jomini_script_system.cpp:265]: Script system error!
  Error: Event target link 'c' returned an unset scope
  Script location: file: common/on_actions/worwm_code_on_actions.txt line: 105

[19:29:45][jomini_script_system.cpp:265]: Script system error!
  Error: is_subject_of trigger [ Invalid Country! ]
  Script location: file: common/on_actions/worwm_code_on_actions.txt line: 105

[19:29:45][jomini_script_system.cpp:265]: Script system error!
  Error: Event target link 'c' returned an unset scope
  Script location: file: common/on_actions/worwm_code_on_actions.txt line: 110

[19:29:45][jomini_script_system.cpp:265]: Script system error!
  Error: Invalid right side during comparison 'c'
  Script location: file: common/on_actions/worwm_code_on_actions.txt line: 110

[19:29:45][jomini_script_system.cpp:265]: Script system error!
  Error: Event target link 'c' returned an unset scope
  Script location: file: common/on_actions/worwm_code_on_actions.txt line: 111

[19:29:45][jomini_script_system.cpp:265]: Script system error!
  Error: Invalid right side during comparison 'c'
  Script location: file: common/on_actions/worwm_code_on_actions.txt line: 111

[19:29:45][jomini_script_system.cpp:265]: Script system error!
  Error: Event target link 'c' returned an unset scope
  Script location: file: common/on_actions/worwm_code_on_actions.txt line: 112

[19:29:45][jomini_script_system.cpp:265]: Script system error!
  Error: Invalid right side during comparison 'c'
  Script location: file: common/on_actions/worwm_code_on_actions.txt line: 112

[19:29:45][jomini_script_system.cpp:265]: Script system error!
  Error: Event target link 'c' returned an unset scope
  Script location: file: common/on_actions/worwm_code_on_actions.txt line: 113

[19:29:45][jomini_script_system.cpp:265]: Script system error!
  Error: Invalid right side during comparison 'c'
  Script location: file: common/on_actions/worwm_code_on_actions.txt line: 113

[19:29:45][jomini_script_system.cpp:265]: Script system error!
  Error: Event target link 'c' returned an unset scope
  Script location: file: common/on_actions/worwm_code_on_actions.txt line: 114

[19:29:45][jomini_script_system.cpp:265]: Script system error!
  Error: Invalid right side during comparison 'c'
  Script location: file: common/on_actions/worwm_code_on_actions.txt line: 114

[19:29:45][jomini_script_system.cpp:265]: Script system error!
  Error: Event target link 'c' returned an unset scope
  Script location: file: common/on_actions/worwm_code_on_actions.txt line: 115

[19:29:45][jomini_script_system.cpp:265]: Script system error!
  Error: Invalid right side during comparison 'c'
  Script location: file: common/on_actions/worwm_code_on_actions.txt line: 115

[19:29:45][jomini_script_system.cpp:265]: Script system error!
  Error: Event target link 'c' returned an unset scope
  Script location: file: common/on_actions/worwm_code_on_actions.txt line: 116

[19:29:45][jomini_script_system.cpp:265]: Script system error!
  Error: Invalid right side during comparison 'c'
  Script location: file: common/on_actions/worwm_code_on_actions.txt line: 116

[19:29:45][jomini_script_system.cpp:265]: Script system error!
  Error: Event target link 'c' returned an unset scope
  Script location: file: common/on_actions/worwm_code_on_actions.txt line: 117

[19:29:45][jomini_script_system.cpp:265]: Script system error!
  Error: Invalid right side during comparison 'c'
  Script location: file: common/on_actions/worwm_code_on_actions.txt line: 117

[19:29:45][jomini_script_system.cpp:265]: Script system error!
  Error: Event target link 'c' returned an unset scope
  Script location: file: common/on_actions/worwm_code_on_actions.txt line: 138

[19:29:45][jomini_script_system.cpp:265]: Script system error!
  Error: is_subject_of trigger [ Invalid Country! ]
  Script location: file: common/on_actions/worwm_code_on_actions.txt line: 138

[19:29:45][jomini_script_system.cpp:265]: Script system error!
  Error: Event target link 'c' returned an unset scope
  Script location: file: common/on_actions/worwm_code_on_actions.txt line: 105

[19:29:45][jomini_script_system.cpp:265]: Script system error!
  Error: is_subject_of trigger [ Invalid Country! ]
  Script location: file: common/on_actions/worwm_code_on_actions.txt line: 105

[19:29:45][jomini_script_system.cpp:265]: Script system error!
  Error: Event target link 'c' returned an unset scope
  Script location: file: common/on_actions/worwm_code_on_actions.txt line: 110

[19:29:45][jomini_script_system.cpp:265]: Script system error!
  Error: Invalid right side during comparison 'c'
  Script location: file: common/on_actions/worwm_code_on_actions.txt line: 110

[19:29:45][jomini_script_system.cpp:265]: Script system error!
  Error: Event target link 'c' returned an unset scope
  Script location: file: common/on_actions/worwm_code_on_actions.txt line: 111

[19:29:45][jomini_script_system.cpp:265]: Script system error!
  Error: Invalid right side during comparison 'c'
  Script location: file: common/on_actions/worwm_code_on_actions.txt line: 111

[19:29:45][jomini_script_system.cpp:265]: Script system error!
  Error: Event target link 'c' returned an unset scope
  Script location: file: common/on_actions/worwm_code_on_actions.txt line: 112

[19:29:45][jomini_script_system.cpp:265]: Script system error!
  Error: Invalid right side during comparison 'c'
  Script location: file: common/on_actions/worwm_code_on_actions.txt line: 112

[19:29:45][jomini_script_system.cpp:265]: Script system error!
  Error: Event target link 'c' returned an unset scope
  Script location: file: common/on_actions/worwm_code_on_actions.txt line: 113

[19:29:45][jomini_script_system.cpp:265]: Script system error!
  Error: Invalid right side during comparison 'c'
  Script location: file: common/on_actions/worwm_code_on_actions.txt line: 113

[19:29:45][jomini_script_system.cpp:265]: Script system error!
  Error: Event target link 'c' returned an unset scope
  Script location: file: common/on_actions/worwm_code_on_actions.txt line: 114

[19:29:45][jomini_script_system.cpp:265]: Script system error!
  Error: Invalid right side during comparison 'c'
  Script location: file: common/on_actions/worwm_code_on_actions.txt line: 114

[19:29:45][jomini_script_system.cpp:265]: Script system error!
  Error: Event target link 'c' returned an unset scope
  Script location: file: common/on_actions/worwm_code_on_actions.txt line: 115

[19:29:45][jomini_script_system.cpp:265]: Script system error!
  Error: Invalid right side during comparison 'c'
  Script location: file: common/on_actions/worwm_code_on_actions.txt line: 115

[19:29:45][jomini_script_system.cpp:265]: Script system error!
  Error: Event target link 'c' returned an unset scope
  Script location: file: common/on_actions/worwm_code_on_actions.txt line: 116

[19:29:45][jomini_script_system.cpp:265]: Script system error!
  Error: Invalid right side during comparison 'c'
  Script location: file: common/on_actions/worwm_code_on_actions.txt line: 116

[19:29:45][jomini_script_system.cpp:265]: Script system error!
  Error: Event target link 'c' returned an unset scope
  Script location: file: common/on_actions/worwm_code_on_actions.txt line: 117

[19:29:45][jomini_script_system.cpp:265]: Script system error!
  Error: Invalid right side during comparison 'c'
  Script location: file: common/on_actions/worwm_code_on_actions.txt line: 117

[19:29:45][jomini_script_system.cpp:265]: Script system error!
  Error: Event target link 'c' returned an unset scope
  Script location: file: common/on_actions/worwm_code_on_actions.txt line: 119

[19:29:45][jomini_script_system.cpp:265]: Script system error!
  Error: Invalid right side during comparison 'c'
  Script location: file: common/on_actions/worwm_code_on_actions.txt line: 119

[19:29:45][jomini_script_system.cpp:265]: Script system error!
  Error: Event target link 'c' returned an unset scope
  Script location: file: common/on_actions/worwm_code_on_actions.txt line: 120

[19:29:45][jomini_script_system.cpp:265]: Script system error!
  Error: Invalid right side during comparison 'c'
  Script location: file: common/on_actions/worwm_code_on_actions.txt line: 120

[19:29:45][jomini_script_system.cpp:265]: Script system error!
  Error: Event target link 'c' returned an unset scope
  Script location: file: common/on_actions/worwm_code_on_actions.txt line: 121

[19:29:45][jomini_script_system.cpp:265]: Script system error!
  Error: Invalid right side during comparison 'c'
  Script location: file: common/on_actions/worwm_code_on_actions.txt line: 121

[19:29:45][jomini_script_system.cpp:265]: Script system error!
  Error: Event target link 'c' returned an unset scope
  Script location: file: common/on_actions/worwm_code_on_actions.txt line: 122

[19:29:45][jomini_script_system.cpp:265]: Script system error!
  Error: Invalid right side during comparison 'c'
  Script location: file: common/on_actions/worwm_code_on_actions.txt line: 122

[19:29:45][jomini_script_system.cpp:265]: Script system error!
  Error: Event target link 'c' returned an unset scope
  Script location: file: common/on_actions/worwm_code_on_actions.txt line: 123

[19:29:45][jomini_script_system.cpp:265]: Script system error!
  Error: Invalid right side during comparison 'c'
  Script location: file: common/on_actions/worwm_code_on_actions.txt line: 123

[19:29:45][jomini_script_system.cpp:265]: Script system error!
  Error: Event target link 'c' returned an unset scope
  Script location: file: common/on_actions/worwm_code_on_actions.txt line: 124

[19:29:45][jomini_script_system.cpp:265]: Script system error!
  Error: Invalid right side during comparison 'c'
  Script location: file: common/on_actions/worwm_code_on_actions.txt line: 124

[19:29:45][jomini_script_system.cpp:265]: Script system error!
  Error: Event target link 'c' returned an unset scope
  Script location: file: common/on_actions/worwm_code_on_actions.txt line: 138

[19:29:45][jomini_script_system.cpp:265]: Script system error!
  Error: is_subject_of trigger [ Invalid Country! ]
  Script location: file: common/on_actions/worwm_code_on_actions.txt line: 138

[19:29:45][jomini_script_system.cpp:265]: Script system error!
  Error: Event target link 'c' returned an unset scope
  Script location: file: common/on_actions/worwm_code_on_actions.txt line: 105

[19:29:45][jomini_script_system.cpp:265]: Script system error!
  Error: is_subject_of trigger [ Invalid Country! ]
  Script location: file: common/on_actions/worwm_code_on_actions.txt line: 105

[19:29:45][jomini_script_system.cpp:265]: Script system error!
  Error: Event target link 'c' returned an unset scope
  Script location: file: common/on_actions/worwm_code_on_actions.txt line: 110

[19:29:45][jomini_script_system.cpp:265]: Script system error!
  Error: Invalid right side during comparison 'c'
  Script location: file: common/on_actions/worwm_code_on_actions.txt line: 110

[19:29:45][jomini_script_system.cpp:265]: Script system error!
  Error: Event target link 'c' returned an unset scope
  Script location: file: common/on_actions/worwm_code_on_actions.txt line: 111

[19:29:45][jomini_script_system.cpp:265]: Script system error!
  Error: Invalid right side during comparison 'c'
  Script location: file: common/on_actions/worwm_code_on_actions.txt line: 111

[19:29:45][jomini_script_system.cpp:265]: Script system error!
  Error: Event target link 'c' returned an unset scope
  Script location: file: common/on_actions/worwm_code_on_actions.txt line: 112

[19:29:45][jomini_script_system.cpp:265]: Script system error!
  Error: Invalid right side during comparison 'c'
  Script location: file: common/on_actions/worwm_code_on_actions.txt line: 112

[19:29:45][jomini_script_system.cpp:265]: Script system error!
  Error: Event target link 'c' returned an unset scope
  Script location: file: common/on_actions/worwm_code_on_actions.txt line: 113

[19:29:45][jomini_script_system.cpp:265]: Script system error!
  Error: Invalid right side during comparison 'c'
  Script location: file: common/on_actions/worwm_code_on_actions.txt line: 113

[19:29:45][jomini_script_system.cpp:265]: Script system error!
  Error: Event target link 'c' returned an unset scope
  Script location: file: common/on_actions/worwm_code_on_actions.txt line: 114

[19:29:45][jomini_script_system.cpp:265]: Script system error!
  Error: Invalid right side during comparison 'c'
  Script location: file: common/on_actions/worwm_code_on_actions.txt line: 114

[19:29:45][jomini_script_system.cpp:265]: Script system error!
  Error: Event target link 'c' returned an unset scope
  Script location: file: common/on_actions/worwm_code_on_actions.txt line: 115

[19:29:45][jomini_script_system.cpp:265]: Script system error!
  Error: Invalid right side during comparison 'c'
  Script location: file: common/on_actions/worwm_code_on_actions.txt line: 115

[19:29:45][jomini_script_system.cpp:265]: Script system error!
  Error: Event target link 'c' returned an unset scope
  Script location: file: common/on_actions/worwm_code_on_actions.txt line: 116

[19:29:45][jomini_script_system.cpp:265]: Script system error!
  Error: Invalid right side during comparison 'c'
  Script location: file: common/on_actions/worwm_code_on_actions.txt line: 116

[19:29:45][jomini_script_system.cpp:265]: Script system error!
  Error: Event target link 'c' returned an unset scope
  Script location: file: common/on_actions/worwm_code_on_actions.txt line: 117

[19:29:45][jomini_script_system.cpp:265]: Script system error!
  Error: Invalid right side during comparison 'c'
  Script location: file: common/on_actions/worwm_code_on_actions.txt line: 117

[19:29:45][jomini_script_system.cpp:265]: Script system error!
  Error: Event target link 'c' returned an unset scope
  Script location: file: common/on_actions/worwm_code_on_actions.txt line: 119

[19:29:45][jomini_script_system.cpp:265]: Script system error!
  Error: Invalid right side during comparison 'c'
  Script location: file: common/on_actions/worwm_code_on_actions.txt line: 119

[19:29:45][jomini_script_system.cpp:265]: Script system error!
  Error: Event target link 'c' returned an unset scope
  Script location: file: common/on_actions/worwm_code_on_actions.txt line: 120

[19:29:45][jomini_script_system.cpp:265]: Script system error!
  Error: Invalid right side during comparison 'c'
  Script location: file: common/on_actions/worwm_code_on_actions.txt line: 120

[19:29:45][jomini_script_system.cpp:265]: Script system error!
  Error: Event target link 'c' returned an unset scope
  Script location: file: common/on_actions/worwm_code_on_actions.txt line: 121

[19:29:45][jomini_script_system.cpp:265]: Script system error!
  Error: Invalid right side during comparison 'c'
  Script location: file: common/on_actions/worwm_code_on_actions.txt line: 121

[19:29:45][jomini_script_system.cpp:265]: Script system error!
  Error: Event target link 'c' returned an unset scope
  Script location: file: common/on_actions/worwm_code_on_actions.txt line: 122

[19:29:45][jomini_script_system.cpp:265]: Script system error!
  Error: Invalid right side during comparison 'c'
  Script location: file: common/on_actions/worwm_code_on_actions.txt line: 122

[19:29:45][jomini_script_system.cpp:265]: Script system error!
  Error: Event target link 'c' returned an unset scope
  Script location: file: common/on_actions/worwm_code_on_actions.txt line: 123

[19:29:45][jomini_script_system.cpp:265]: Script system error!
  Error: Invalid right side during comparison 'c'
  Script location: file: common/on_actions/worwm_code_on_actions.txt line: 123

[19:29:45][jomini_script_system.cpp:265]: Script system error!
  Error: Event target link 'c' returned an unset scope
  Script location: file: common/on_actions/worwm_code_on_actions.txt line: 124

[19:29:45][jomini_script_system.cpp:265]: Script system error!
  Error: Invalid right side during comparison 'c'
  Script location: file: common/on_actions/worwm_code_on_actions.txt line: 124

[19:29:45][jomini_script_system.cpp:265]: Script system error!
  Error: Event target link 'c' returned an unset scope
  Script location: file: common/on_actions/worwm_code_on_actions.txt line: 138

[19:29:45][jomini_script_system.cpp:265]: Script system error!
  Error: is_subject_of trigger [ Invalid Country! ]
  Script location: file: common/on_actions/worwm_code_on_actions.txt line: 138

[19:29:50][jomini_script_system.cpp:265]: Script system error!
  Error: Event target link 'c' returned an unset scope
  Script location: file: common/on_actions/worwm_code_on_actions.txt line: 105

[19:29:50][jomini_script_system.cpp:265]: Script system error!
  Error: is_subject_of trigger [ Invalid Country! ]
  Script location: file: common/on_actions/worwm_code_on_actions.txt line: 105

[19:29:50][jomini_script_system.cpp:265]: Script system error!
  Error: Event target link 'c' returned an unset scope
  Script location: file: common/on_actions/worwm_code_on_actions.txt line: 110

[19:29:50][jomini_script_system.cpp:265]: Script system error!
  Error: Invalid right side during comparison 'c'
  Script location: file: common/on_actions/worwm_code_on_actions.txt line: 110

[19:29:50][jomini_script_system.cpp:265]: Script system error!
  Error: Event target link 'c' returned an unset scope
  Script location: file: common/on_actions/worwm_code_on_actions.txt line: 111

[19:29:50][jomini_script_system.cpp:265]: Script system error!
  Error: Invalid right side during comparison 'c'
  Script location: file: common/on_actions/worwm_code_on_actions.txt line: 111

[19:29:50][jomini_script_system.cpp:265]: Script system error!
  Error: Event target link 'c' returned an unset scope
  Script location: file: common/on_actions/worwm_code_on_actions.txt line: 112

[19:29:50][jomini_script_system.cpp:265]: Script system error!
  Error: Invalid right side during comparison 'c'
  Script location: file: common/on_actions/worwm_code_on_actions.txt line: 112

[19:29:50][jomini_script_system.cpp:265]: Script system error!
  Error: Event target link 'c' returned an unset scope
  Script location: file: common/on_actions/worwm_code_on_actions.txt line: 113

[19:29:50][jomini_script_system.cpp:265]: Script system error!
  Error: Invalid right side during comparison 'c'
  Script location: file: common/on_actions/worwm_code_on_actions.txt line: 113

[19:29:50][jomini_script_system.cpp:265]: Script system error!
  Error: Event target link 'c' returned an unset scope
  Script location: file: common/on_actions/worwm_code_on_actions.txt line: 114

[19:29:50][jomini_script_system.cpp:265]: Script system error!
  Error: Invalid right side during comparison 'c'
  Script location: file: common/on_actions/worwm_code_on_actions.txt line: 114

[19:29:50][jomini_script_system.cpp:265]: Script system error!
  Error: Event target link 'c' returned an unset scope
  Script location: file: common/on_actions/worwm_code_on_actions.txt line: 115

[19:29:50][jomini_script_system.cpp:265]: Script system error!
  Error: Invalid right side during comparison 'c'
  Script location: file: common/on_actions/worwm_code_on_actions.txt line: 115

[19:29:50][jomini_script_system.cpp:265]: Script system error!
  Error: Event target link 'c' returned an unset scope
  Script location: file: common/on_actions/worwm_code_on_actions.txt line: 116

[19:29:50][jomini_script_system.cpp:265]: Script system error!
  Error: Invalid right side during comparison 'c'
  Script location: file: common/on_actions/worwm_code_on_actions.txt line: 116

[19:29:50][jomini_script_system.cpp:265]: Script system error!
  Error: Event target link 'c' returned an unset scope
  Script location: file: common/on_actions/worwm_code_on_actions.txt line: 117

[19:29:50][jomini_script_system.cpp:265]: Script system error!
  Error: Invalid right side during comparison 'c'
  Script location: file: common/on_actions/worwm_code_on_actions.txt line: 117

[19:29:50][jomini_script_system.cpp:265]: Script system error!
  Error: Event target link 'c' returned an unset scope
  Script location: file: common/on_actions/worwm_code_on_actions.txt line: 119

[19:29:50][jomini_script_system.cpp:265]: Script system error!
  Error: Invalid right side during comparison 'c'
  Script location: file: common/on_actions/worwm_code_on_actions.txt line: 119

[19:29:50][jomini_script_system.cpp:265]: Script system error!
  Error: Event target link 'c' returned an unset scope
  Script location: file: common/on_actions/worwm_code_on_actions.txt line: 120

[19:29:50][jomini_script_system.cpp:265]: Script system error!
  Error: Invalid right side during comparison 'c'
  Script location: file: common/on_actions/worwm_code_on_actions.txt line: 120

[19:29:50][jomini_script_system.cpp:265]: Script system error!
  Error: Event target link 'c' returned an unset scope
  Script location: file: common/on_actions/worwm_code_on_actions.txt line: 121

[19:29:50][jomini_script_system.cpp:265]: Script system error!
  Error: Invalid right side during comparison 'c'
  Script location: file: common/on_actions/worwm_code_on_actions.txt line: 121

[19:29:50][jomini_script_system.cpp:265]: Script system error!
  Error: Event target link 'c' returned an unset scope
  Script location: file: common/on_actions/worwm_code_on_actions.txt line: 122

[19:29:50][jomini_script_system.cpp:265]: Script system error!
  Error: Invalid right side during comparison 'c'
  Script location: file: common/on_actions/worwm_code_on_actions.txt line: 122

[19:29:50][jomini_script_system.cpp:265]: Script system error!
  Error: Event target link 'c' returned an unset scope
  Script location: file: common/on_actions/worwm_code_on_actions.txt line: 123

[19:29:50][jomini_script_system.cpp:265]: Script system error!
  Error: Invalid right side during comparison 'c'
  Script location: file: common/on_actions/worwm_code_on_actions.txt line: 123

[19:29:50][jomini_script_system.cpp:265]: Script system error!
  Error: Event target link 'c' returned an unset scope
  Script location: file: common/on_actions/worwm_code_on_actions.txt line: 124

[19:29:50][jomini_script_system.cpp:265]: Script system error!
  Error: Invalid right side during comparison 'c'
  Script location: file: common/on_actions/worwm_code_on_actions.txt line: 124

[19:29:50][jomini_script_system.cpp:265]: Script system error!
  Error: Event target link 'c' returned an unset scope
  Script location: file: common/on_actions/worwm_code_on_actions.txt line: 138

[19:29:50][jomini_script_system.cpp:265]: Script system error!
  Error: is_subject_of trigger [ Invalid Country! ]
  Script location: file: common/on_actions/worwm_code_on_actions.txt line: 138

[19:29:50][jomini_script_system.cpp:265]: Script system error!
  Error: Invalid combat unit type key "mobilization_option_balloon_recon"
  Script location: file: gfx/map/front_entities/00_front_entities_support_ep1.txt line: 38

[19:29:50][jomini_script_system.cpp:265]: Script system error!
  Error: Event target link 'mobilization_option' returned an unset scope
  Script location: file: gfx/map/front_entities/00_front_entities_support_ep1.txt line: 38

[19:29:50][jomini_script_system.cpp:265]: Script system error!
  Error: Invalid combat unit type key "mobilization_option_balloon_recon"
  Script location: file: gfx/map/front_entities/00_front_entities_support_ep1.txt line: 38

[19:29:50][jomini_script_system.cpp:265]: Script system error!
  Error: Event target link 'mobilization_option' returned an unset scope
  Script location: file: gfx/map/front_entities/00_front_entities_support_ep1.txt line: 38

[19:29:50][jomini_script_system.cpp:265]: Script system error!
  Error: Invalid combat unit type key "mobilization_option_balloon_recon"
  Script location: file: gfx/map/front_entities/00_front_entities_support_ep1.txt line: 38

[19:29:50][jomini_script_system.cpp:265]: Script system error!
  Error: Event target link 'mobilization_option' returned an unset scope
  Script location: file: gfx/map/front_entities/00_front_entities_support_ep1.txt line: 38

[19:29:50][jomini_script_system.cpp:265]: Script system error!
  Error: Invalid combat unit type key "mobilization_option_balloon_recon"
  Script location: file: gfx/map/front_entities/00_front_entities_support_ep1.txt line: 38

[19:29:50][jomini_script_system.cpp:265]: Script system error!
  Error: Event target link 'mobilization_option' returned an unset scope
  Script location: file: gfx/map/front_entities/00_front_entities_support_ep1.txt line: 38

[19:29:50][jomini_script_system.cpp:265]: Script system error!
  Error: Invalid combat unit type key "mobilization_option_balloon_recon"
  Script location: file: gfx/map/front_entities/00_front_entities_support_ep1.txt line: 38

[19:29:50][jomini_script_system.cpp:265]: Script system error!
  Error: Event target link 'mobilization_option' returned an unset scope
  Script location: file: gfx/map/front_entities/00_front_entities_support_ep1.txt line: 38

[19:29:50][jomini_script_system.cpp:265]: Script system error!
  Error: Invalid combat unit type key "mobilization_option_balloon_recon"
  Script location: file: gfx/map/front_entities/00_front_entities_support_ep1.txt line: 38

[19:29:50][jomini_script_system.cpp:265]: Script system error!
  Error: Event target link 'mobilization_option' returned an unset scope
  Script location: file: gfx/map/front_entities/00_front_entities_support_ep1.txt line: 38

[19:29:50][jomini_script_system.cpp:265]: Script system error!
  Error: Invalid combat unit type key "mobilization_option_balloon_recon"
  Script location: file: gfx/map/front_entities/00_front_entities_support_ep1.txt line: 38

[19:29:50][jomini_script_system.cpp:265]: Script system error!
  Error: Event target link 'mobilization_option' returned an unset scope
  Script location: file: gfx/map/front_entities/00_front_entities_support_ep1.txt line: 38

[19:29:50][jomini_script_system.cpp:265]: Script system error!
  Error: Invalid combat unit type key "mobilization_option_balloon_recon"
  Script location: file: gfx/map/front_entities/00_front_entities_support_ep1.txt line: 38

[19:29:50][jomini_script_system.cpp:265]: Script system error!
  Error: Event target link 'mobilization_option' returned an unset scope
  Script location: file: gfx/map/front_entities/00_front_entities_support_ep1.txt line: 38

[19:29:53][jomini_script_system.cpp:265]: Script system error!
  Error: Event target link 'c' returned an unset scope
  Script location: file: common/on_actions/worwm_code_on_actions.txt line: 105

[19:29:53][jomini_script_system.cpp:265]: Script system error!
  Error: is_subject_of trigger [ Invalid Country! ]
  Script location: file: common/on_actions/worwm_code_on_actions.txt line: 105

[19:29:53][jomini_script_system.cpp:265]: Script system error!
  Error: Event target link 'c' returned an unset scope
  Script location: file: common/on_actions/worwm_code_on_actions.txt line: 138

[19:29:53][jomini_script_system.cpp:265]: Script system error!
  Error: is_subject_of trigger [ Invalid Country! ]
  Script location: file: common/on_actions/worwm_code_on_actions.txt line: 138

[19:29:53][jomini_script_system.cpp:265]: Script system error!
  Error: Event target link 'c' returned an unset scope
  Script location: file: common/on_actions/worwm_code_on_actions.txt line: 105

[19:29:53][jomini_script_system.cpp:265]: Script system error!
  Error: is_subject_of trigger [ Invalid Country! ]
  Script location: file: common/on_actions/worwm_code_on_actions.txt line: 105

[19:29:53][jomini_script_system.cpp:265]: Script system error!
  Error: Event target link 'c' returned an unset scope
  Script location: file: common/on_actions/worwm_code_on_actions.txt line: 110

[19:29:53][jomini_script_system.cpp:265]: Script system error!
  Error: Invalid right side during comparison 'c'
  Script location: file: common/on_actions/worwm_code_on_actions.txt line: 110

[19:29:53][jomini_script_system.cpp:265]: Script system error!
  Error: Event target link 'c' returned an unset scope
  Script location: file: common/on_actions/worwm_code_on_actions.txt line: 111

[19:29:53][jomini_script_system.cpp:265]: Script system error!
  Error: Invalid right side during comparison 'c'
  Script location: file: common/on_actions/worwm_code_on_actions.txt line: 111

[19:29:53][jomini_script_system.cpp:265]: Script system error!
  Error: Event target link 'c' returned an unset scope
  Script location: file: common/on_actions/worwm_code_on_actions.txt line: 112

[19:29:53][jomini_script_system.cpp:265]: Script system error!
  Error: Invalid right side during comparison 'c'
  Script location: file: common/on_actions/worwm_code_on_actions.txt line: 112

[19:29:53][jomini_script_system.cpp:265]: Script system error!
  Error: Event target link 'c' returned an unset scope
  Script location: file: common/on_actions/worwm_code_on_actions.txt line: 113

[19:29:53][jomini_script_system.cpp:265]: Script system error!
  Error: Invalid right side during comparison 'c'
  Script location: file: common/on_actions/worwm_code_on_actions.txt line: 113

[19:29:53][jomini_script_system.cpp:265]: Script system error!
  Error: Event target link 'c' returned an unset scope
  Script location: file: common/on_actions/worwm_code_on_actions.txt line: 114

[19:29:53][jomini_script_system.cpp:265]: Script system error!
  Error: Invalid right side during comparison 'c'
  Script location: file: common/on_actions/worwm_code_on_actions.txt line: 114

[19:29:53][jomini_script_system.cpp:265]: Script system error!
  Error: Event target link 'c' returned an unset scope
  Script location: file: common/on_actions/worwm_code_on_actions.txt line: 115

[19:29:53][jomini_script_system.cpp:265]: Script system error!
  Error: Invalid right side during comparison 'c'
  Script location: file: common/on_actions/worwm_code_on_actions.txt line: 115

[19:29:53][jomini_script_system.cpp:265]: Script system error!
  Error: Event target link 'c' returned an unset scope
  Script location: file: common/on_actions/worwm_code_on_actions.txt line: 116

[19:29:53][jomini_script_system.cpp:265]: Script system error!
  Error: Invalid right side during comparison 'c'
  Script location: file: common/on_actions/worwm_code_on_actions.txt line: 116

[19:29:53][jomini_script_system.cpp:265]: Script system error!
  Error: Event target link 'c' returned an unset scope
  Script location: file: common/on_actions/worwm_code_on_actions.txt line: 117

[19:29:53][jomini_script_system.cpp:265]: Script system error!
  Error: Invalid right side during comparison 'c'
  Script location: file: common/on_actions/worwm_code_on_actions.txt line: 117

[19:29:53][jomini_script_system.cpp:265]: Script system error!
  Error: Event target link 'c' returned an unset scope
  Script location: file: common/on_actions/worwm_code_on_actions.txt line: 119

[19:29:53][jomini_script_system.cpp:265]: Script system error!
  Error: Invalid right side during comparison 'c'
  Script location: file: common/on_actions/worwm_code_on_actions.txt line: 119

[19:29:53][jomini_script_system.cpp:265]: Script system error!
  Error: Event target link 'c' returned an unset scope
  Script location: file: common/on_actions/worwm_code_on_actions.txt line: 120

[19:29:53][jomini_script_system.cpp:265]: Script system error!
  Error: Invalid right side during comparison 'c'
  Script location: file: common/on_actions/worwm_code_on_actions.txt line: 120

[19:29:53][jomini_script_system.cpp:265]: Script system error!
  Error: Event target link 'c' returned an unset scope
  Script location: file: common/on_actions/worwm_code_on_actions.txt line: 121

[19:29:53][jomini_script_system.cpp:265]: Script system error!
  Error: Invalid right side during comparison 'c'
  Script location: file: common/on_actions/worwm_code_on_actions.txt line: 121

[19:29:53][jomini_script_system.cpp:265]: Script system error!
  Error: Event target link 'c' returned an unset scope
  Script location: file: common/on_actions/worwm_code_on_actions.txt line: 122

[19:29:53][jomini_script_system.cpp:265]: Script system error!
  Error: Invalid right side during comparison 'c'
  Script location: file: common/on_actions/worwm_code_on_actions.txt line: 122

[19:29:53][jomini_script_system.cpp:265]: Script system error!
  Error: Event target link 'c' returned an unset scope
  Script location: file: common/on_actions/worwm_code_on_actions.txt line: 123

[19:29:53][jomini_script_system.cpp:265]: Script system error!
  Error: Invalid right side during comparison 'c'
  Script location: file: common/on_actions/worwm_code_on_actions.txt line: 123

[19:29:53][jomini_script_system.cpp:265]: Script system error!
  Error: Event target link 'c' returned an unset scope
  Script location: file: common/on_actions/worwm_code_on_actions.txt line: 124

[19:29:53][jomini_script_system.cpp:265]: Script system error!
  Error: Invalid right side during comparison 'c'
  Script location: file: common/on_actions/worwm_code_on_actions.txt line: 124

[19:29:53][jomini_script_system.cpp:265]: Script system error!
  Error: Event target link 'c' returned an unset scope
  Script location: file: common/on_actions/worwm_code_on_actions.txt line: 138

[19:29:53][jomini_script_system.cpp:265]: Script system error!
  Error: is_subject_of trigger [ Invalid Country! ]
  Script location: file: common/on_actions/worwm_code_on_actions.txt line: 138

[19:29:57][jomini_script_system.cpp:265]: Script system error!
  Error: Event target link 'c' returned an unset scope
  Script location: file: common/on_actions/worwm_code_on_actions.txt line: 105

[19:29:57][jomini_script_system.cpp:265]: Script system error!
  Error: is_subject_of trigger [ Invalid Country! ]
  Script location: file: common/on_actions/worwm_code_on_actions.txt line: 105

[19:29:57][jomini_script_system.cpp:265]: Script system error!
  Error: Event target link 'c' returned an unset scope
  Script location: file: common/on_actions/worwm_code_on_actions.txt line: 110

[19:29:57][jomini_script_system.cpp:265]: Script system error!
  Error: Invalid right side during comparison 'c'
  Script location: file: common/on_actions/worwm_code_on_actions.txt line: 110

[19:29:57][jomini_script_system.cpp:265]: Script system error!
  Error: Event target link 'c' returned an unset scope
  Script location: file: common/on_actions/worwm_code_on_actions.txt line: 111

[19:29:57][jomini_script_system.cpp:265]: Script system error!
  Error: Invalid right side during comparison 'c'
  Script location: file: common/on_actions/worwm_code_on_actions.txt line: 111

[19:29:57][jomini_script_system.cpp:265]: Script system error!
  Error: Event target link 'c' returned an unset scope
  Script location: file: common/on_actions/worwm_code_on_actions.txt line: 112

[19:29:57][jomini_script_system.cpp:265]: Script system error!
  Error: Invalid right side during comparison 'c'
  Script location: file: common/on_actions/worwm_code_on_actions.txt line: 112

[19:29:57][jomini_script_system.cpp:265]: Script system error!
  Error: Event target link 'c' returned an unset scope
  Script location: file: common/on_actions/worwm_code_on_actions.txt line: 113

[19:29:57][jomini_script_system.cpp:265]: Script system error!
  Error: Invalid right side during comparison 'c'
  Script location: file: common/on_actions/worwm_code_on_actions.txt line: 113

[19:29:57][jomini_script_system.cpp:265]: Script system error!
  Error: Event target link 'c' returned an unset scope
  Script location: file: common/on_actions/worwm_code_on_actions.txt line: 114

[19:29:57][jomini_script_system.cpp:265]: Script system error!
  Error: Invalid right side during comparison 'c'
  Script location: file: common/on_actions/worwm_code_on_actions.txt line: 114

[19:29:57][jomini_script_system.cpp:265]: Script system error!
  Error: Event target link 'c' returned an unset scope
  Script location: file: common/on_actions/worwm_code_on_actions.txt line: 115

[19:29:57][jomini_script_system.cpp:265]: Script system error!
  Error: Invalid right side during comparison 'c'
  Script location: file: common/on_actions/worwm_code_on_actions.txt line: 115

[19:29:57][jomini_script_system.cpp:265]: Script system error!
  Error: Event target link 'c' returned an unset scope
  Script location: file: common/on_actions/worwm_code_on_actions.txt line: 116

[19:29:57][jomini_script_system.cpp:265]: Script system error!
  Error: Invalid right side during comparison 'c'
  Script location: file: common/on_actions/worwm_code_on_actions.txt line: 116

[19:29:57][jomini_script_system.cpp:265]: Script system error!
  Error: Event target link 'c' returned an unset scope
  Script location: file: common/on_actions/worwm_code_on_actions.txt line: 117

[19:29:57][jomini_script_system.cpp:265]: Script system error!
  Error: Invalid right side during comparison 'c'
  Script location: file: common/on_actions/worwm_code_on_actions.txt line: 117

[19:29:57][jomini_script_system.cpp:265]: Script system error!
  Error: Event target link 'c' returned an unset scope
  Script location: file: common/on_actions/worwm_code_on_actions.txt line: 119

[19:29:57][jomini_script_system.cpp:265]: Script system error!
  Error: Invalid right side during comparison 'c'
  Script location: file: common/on_actions/worwm_code_on_actions.txt line: 119

[19:29:57][jomini_script_system.cpp:265]: Script system error!
  Error: Event target link 'c' returned an unset scope
  Script location: file: common/on_actions/worwm_code_on_actions.txt line: 120

[19:29:57][jomini_script_system.cpp:265]: Script system error!
  Error: Invalid right side during comparison 'c'
  Script location: file: common/on_actions/worwm_code_on_actions.txt line: 120

[19:29:57][jomini_script_system.cpp:265]: Script system error!
  Error: Event target link 'c' returned an unset scope
  Script location: file: common/on_actions/worwm_code_on_actions.txt line: 121

[19:29:57][jomini_script_system.cpp:265]: Script system error!
  Error: Invalid right side during comparison 'c'
  Script location: file: common/on_actions/worwm_code_on_actions.txt line: 121

[19:29:57][jomini_script_system.cpp:265]: Script system error!
  Error: Event target link 'c' returned an unset scope
  Script location: file: common/on_actions/worwm_code_on_actions.txt line: 122

[19:29:57][jomini_script_system.cpp:265]: Script system error!
  Error: Invalid right side during comparison 'c'
  Script location: file: common/on_actions/worwm_code_on_actions.txt line: 122

[19:29:57][jomini_script_system.cpp:265]: Script system error!
  Error: Event target link 'c' returned an unset scope
  Script location: file: common/on_actions/worwm_code_on_actions.txt line: 123

[19:29:57][jomini_script_system.cpp:265]: Script system error!
  Error: Invalid right side during comparison 'c'
  Script location: file: common/on_actions/worwm_code_on_actions.txt line: 123

[19:29:57][jomini_script_system.cpp:265]: Script system error!
  Error: Event target link 'c' returned an unset scope
  Script location: file: common/on_actions/worwm_code_on_actions.txt line: 124

[19:29:57][jomini_script_system.cpp:265]: Script system error!
  Error: Invalid right side during comparison 'c'
  Script location: file: common/on_actions/worwm_code_on_actions.txt line: 124

[19:29:57][jomini_script_system.cpp:265]: Script system error!
  Error: Event target link 'c' returned an unset scope
  Script location: file: common/on_actions/worwm_code_on_actions.txt line: 138

[19:29:57][jomini_script_system.cpp:265]: Script system error!
  Error: is_subject_of trigger [ Invalid Country! ]
  Script location: file: common/on_actions/worwm_code_on_actions.txt line: 138

[19:29:57][jomini_script_system.cpp:265]: Script system error!
  Error: Event target link 'c' returned an unset scope
  Script location: file: common/on_actions/worwm_code_on_actions.txt line: 105

[19:29:57][jomini_script_system.cpp:265]: Script system error!
  Error: is_subject_of trigger [ Invalid Country! ]
  Script location: file: common/on_actions/worwm_code_on_actions.txt line: 105

[19:29:57][jomini_script_system.cpp:265]: Script system error!
  Error: Event target link 'c' returned an unset scope
  Script location: file: common/on_actions/worwm_code_on_actions.txt line: 138

[19:29:57][jomini_script_system.cpp:265]: Script system error!
  Error: is_subject_of trigger [ Invalid Country! ]
  Script location: file: common/on_actions/worwm_code_on_actions.txt line: 138

[19:29:57][jomini_script_system.cpp:265]: Script system error!
  Error: Event target link 'c' returned an unset scope
  Script location: file: common/on_actions/worwm_code_on_actions.txt line: 105

[19:29:57][jomini_script_system.cpp:265]: Script system error!
  Error: is_subject_of trigger [ Invalid Country! ]
  Script location: file: common/on_actions/worwm_code_on_actions.txt line: 105

[19:29:57][jomini_script_system.cpp:265]: Script system error!
  Error: Event target link 'c' returned an unset scope
  Script location: file: common/on_actions/worwm_code_on_actions.txt line: 110

[19:29:57][jomini_script_system.cpp:265]: Script system error!
  Error: Invalid right side during comparison 'c'
  Script location: file: common/on_actions/worwm_code_on_actions.txt line: 110

[19:29:57][jomini_script_system.cpp:265]: Script system error!
  Error: Event target link 'c' returned an unset scope
  Script location: file: common/on_actions/worwm_code_on_actions.txt line: 111

[19:29:57][jomini_script_system.cpp:265]: Script system error!
  Error: Invalid right side during comparison 'c'
  Script location: file: common/on_actions/worwm_code_on_actions.txt line: 111

[19:29:57][jomini_script_system.cpp:265]: Script system error!
  Error: Event target link 'c' returned an unset scope
  Script location: file: common/on_actions/worwm_code_on_actions.txt line: 112

[19:29:57][jomini_script_system.cpp:265]: Script system error!
  Error: Invalid right side during comparison 'c'
  Script location: file: common/on_actions/worwm_code_on_actions.txt line: 112

[19:29:57][jomini_script_system.cpp:265]: Script system error!
  Error: Event target link 'c' returned an unset scope
  Script location: file: common/on_actions/worwm_code_on_actions.txt line: 113

[19:29:57][jomini_script_system.cpp:265]: Script system error!
  Error: Invalid right side during comparison 'c'
  Script location: file: common/on_actions/worwm_code_on_actions.txt line: 113

[19:29:57][jomini_script_system.cpp:265]: Script system error!
  Error: Event target link 'c' returned an unset scope
  Script location: file: common/on_actions/worwm_code_on_actions.txt line: 114

[19:29:57][jomini_script_system.cpp:265]: Script system error!
  Error: Invalid right side during comparison 'c'
  Script location: file: common/on_actions/worwm_code_on_actions.txt line: 114

[19:29:57][jomini_script_system.cpp:265]: Script system error!
  Error: Event target link 'c' returned an unset scope
  Script location: file: common/on_actions/worwm_code_on_actions.txt line: 115

[19:29:57][jomini_script_system.cpp:265]: Script system error!
  Error: Invalid right side during comparison 'c'
  Script location: file: common/on_actions/worwm_code_on_actions.txt line: 115

[19:29:57][jomini_script_system.cpp:265]: Script system error!
  Error: Event target link 'c' returned an unset scope
  Script location: file: common/on_actions/worwm_code_on_actions.txt line: 116

[19:29:57][jomini_script_system.cpp:265]: Script system error!
  Error: Invalid right side during comparison 'c'
  Script location: file: common/on_actions/worwm_code_on_actions.txt line: 116

[19:29:57][jomini_script_system.cpp:265]: Script system error!
  Error: Event target link 'c' returned an unset scope
  Script location: file: common/on_actions/worwm_code_on_actions.txt line: 117

[19:29:57][jomini_script_system.cpp:265]: Script system error!
  Error: Invalid right side during comparison 'c'
  Script location: file: common/on_actions/worwm_code_on_actions.txt line: 117

[19:29:57][jomini_script_system.cpp:265]: Script system error!
  Error: Event target link 'c' returned an unset scope
  Script location: file: common/on_actions/worwm_code_on_actions.txt line: 119

[19:29:57][jomini_script_system.cpp:265]: Script system error!
  Error: Invalid right side during comparison 'c'
  Script location: file: common/on_actions/worwm_code_on_actions.txt line: 119

[19:29:57][jomini_script_system.cpp:265]: Script system error!
  Error: Event target link 'c' returned an unset scope
  Script location: file: common/on_actions/worwm_code_on_actions.txt line: 120

[19:29:57][jomini_script_system.cpp:265]: Script system error!
  Error: Invalid right side during comparison 'c'
  Script location: file: common/on_actions/worwm_code_on_actions.txt line: 120

[19:29:57][jomini_script_system.cpp:265]: Script system error!
  Error: Event target link 'c' returned an unset scope
  Script location: file: common/on_actions/worwm_code_on_actions.txt line: 121

[19:29:57][jomini_script_system.cpp:265]: Script system error!
  Error: Invalid right side during comparison 'c'
  Script location: file: common/on_actions/worwm_code_on_actions.txt line: 121

[19:29:57][jomini_script_system.cpp:265]: Script system error!
  Error: Event target link 'c' returned an unset scope
  Script location: file: common/on_actions/worwm_code_on_actions.txt line: 122

[19:29:57][jomini_script_system.cpp:265]: Script system error!
  Error: Invalid right side during comparison 'c'
  Script location: file: common/on_actions/worwm_code_on_actions.txt line: 122

[19:29:57][jomini_script_system.cpp:265]: Script system error!
  Error: Event target link 'c' returned an unset scope
  Script location: file: common/on_actions/worwm_code_on_actions.txt line: 123

[19:29:57][jomini_script_system.cpp:265]: Script system error!
  Error: Invalid right side during comparison 'c'
  Script location: file: common/on_actions/worwm_code_on_actions.txt line: 123

[19:29:57][jomini_script_system.cpp:265]: Script system error!
  Error: Event target link 'c' returned an unset scope
  Script location: file: common/on_actions/worwm_code_on_actions.txt line: 124

[19:29:57][jomini_script_system.cpp:265]: Script system error!
  Error: Invalid right side during comparison 'c'
  Script location: file: common/on_actions/worwm_code_on_actions.txt line: 124

[19:29:57][jomini_script_system.cpp:265]: Script system error!
  Error: Event target link 'c' returned an unset scope
  Script location: file: common/on_actions/worwm_code_on_actions.txt line: 138

[19:29:57][jomini_script_system.cpp:265]: Script system error!
  Error: is_subject_of trigger [ Invalid Country! ]
  Script location: file: common/on_actions/worwm_code_on_actions.txt line: 138

[19:29:57][jomini_script_system.cpp:265]: Script system error!
  Error: Event target link 'c' returned an unset scope
  Script location: file: common/on_actions/worwm_code_on_actions.txt line: 105

[19:29:57][jomini_script_system.cpp:265]: Script system error!
  Error: is_subject_of trigger [ Invalid Country! ]
  Script location: file: common/on_actions/worwm_code_on_actions.txt line: 105

[19:29:57][jomini_script_system.cpp:265]: Script system error!
  Error: Event target link 'c' returned an unset scope
  Script location: file: common/on_actions/worwm_code_on_actions.txt line: 110

[19:29:57][jomini_script_system.cpp:265]: Script system error!
  Error: Invalid right side during comparison 'c'
  Script location: file: common/on_actions/worwm_code_on_actions.txt line: 110

[19:29:57][jomini_script_system.cpp:265]: Script system error!
  Error: Event target link 'c' returned an unset scope
  Script location: file: common/on_actions/worwm_code_on_actions.txt line: 111

[19:29:57][jomini_script_system.cpp:265]: Script system error!
  Error: Invalid right side during comparison 'c'
  Script location: file: common/on_actions/worwm_code_on_actions.txt line: 111

[19:29:57][jomini_script_system.cpp:265]: Script system error!
  Error: Event target link 'c' returned an unset scope
  Script location: file: common/on_actions/worwm_code_on_actions.txt line: 112

[19:29:57][jomini_script_system.cpp:265]: Script system error!
  Error: Invalid right side during comparison 'c'
  Script location: file: common/on_actions/worwm_code_on_actions.txt line: 112

[19:29:57][jomini_script_system.cpp:265]: Script system error!
  Error: Event target link 'c' returned an unset scope
  Script location: file: common/on_actions/worwm_code_on_actions.txt line: 113

[19:29:57][jomini_script_system.cpp:265]: Script system error!
  Error: Invalid right side during comparison 'c'
  Script location: file: common/on_actions/worwm_code_on_actions.txt line: 113

[19:29:57][jomini_script_system.cpp:265]: Script system error!
  Error: Event target link 'c' returned an unset scope
  Script location: file: common/on_actions/worwm_code_on_actions.txt line: 114

[19:29:57][jomini_script_system.cpp:265]: Script system error!
  Error: Invalid right side during comparison 'c'
  Script location: file: common/on_actions/worwm_code_on_actions.txt line: 114

[19:29:57][jomini_script_system.cpp:265]: Script system error!
  Error: Event target link 'c' returned an unset scope
  Script location: file: common/on_actions/worwm_code_on_actions.txt line: 115

[19:29:57][jomini_script_system.cpp:265]: Script system error!
  Error: Invalid right side during comparison 'c'
  Script location: file: common/on_actions/worwm_code_on_actions.txt line: 115

[19:29:57][jomini_script_system.cpp:265]: Script system error!
  Error: Event target link 'c' returned an unset scope
  Script location: file: common/on_actions/worwm_code_on_actions.txt line: 116

[19:29:57][jomini_script_system.cpp:265]: Script system error!
  Error: Invalid right side during comparison 'c'
  Script location: file: common/on_actions/worwm_code_on_actions.txt line: 116

[19:29:57][jomini_script_system.cpp:265]: Script system error!
  Error: Event target link 'c' returned an unset scope
  Script location: file: common/on_actions/worwm_code_on_actions.txt line: 117

[19:29:57][jomini_script_system.cpp:265]: Script system error!
  Error: Invalid right side during comparison 'c'
  Script location: file: common/on_actions/worwm_code_on_actions.txt line: 117

[19:29:57][jomini_script_system.cpp:265]: Script system error!
  Error: Event target link 'c' returned an unset scope
  Script location: file: common/on_actions/worwm_code_on_actions.txt line: 119

[19:29:57][jomini_script_system.cpp:265]: Script system error!
  Error: Invalid right side during comparison 'c'
  Script location: file: common/on_actions/worwm_code_on_actions.txt line: 119

[19:29:57][jomini_script_system.cpp:265]: Script system error!
  Error: Event target link 'c' returned an unset scope
  Script location: file: common/on_actions/worwm_code_on_actions.txt line: 120

[19:29:57][jomini_script_system.cpp:265]: Script system error!
  Error: Invalid right side during comparison 'c'
  Script location: file: common/on_actions/worwm_code_on_actions.txt line: 120

[19:29:57][jomini_script_system.cpp:265]: Script system error!
  Error: Event target link 'c' returned an unset scope
  Script location: file: common/on_actions/worwm_code_on_actions.txt line: 121

[19:29:57][jomini_script_system.cpp:265]: Script system error!
  Error: Invalid right side during comparison 'c'
  Script location: file: common/on_actions/worwm_code_on_actions.txt line: 121

[19:29:57][jomini_script_system.cpp:265]: Script system error!
  Error: Event target link 'c' returned an unset scope
  Script location: file: common/on_actions/worwm_code_on_actions.txt line: 122

[19:29:57][jomini_script_system.cpp:265]: Script system error!
  Error: Invalid right side during comparison 'c'
  Script location: file: common/on_actions/worwm_code_on_actions.txt line: 122

[19:29:57][jomini_script_system.cpp:265]: Script system error!
  Error: Event target link 'c' returned an unset scope
  Script location: file: common/on_actions/worwm_code_on_actions.txt line: 123

[19:29:57][jomini_script_system.cpp:265]: Script system error!
  Error: Invalid right side during comparison 'c'
  Script location: file: common/on_actions/worwm_code_on_actions.txt line: 123

[19:29:57][jomini_script_system.cpp:265]: Script system error!
  Error: Event target link 'c' returned an unset scope
  Script location: file: common/on_actions/worwm_code_on_actions.txt line: 124

[19:29:57][jomini_script_system.cpp:265]: Script system error!
  Error: Invalid right side during comparison 'c'
  Script location: file: common/on_actions/worwm_code_on_actions.txt line: 124

[19:29:57][jomini_script_system.cpp:265]: Script system error!
  Error: Event target link 'c' returned an unset scope
  Script location: file: common/on_actions/worwm_code_on_actions.txt line: 138

[19:29:57][jomini_script_system.cpp:265]: Script system error!
  Error: is_subject_of trigger [ Invalid Country! ]
  Script location: file: common/on_actions/worwm_code_on_actions.txt line: 138

[19:29:57][jomini_script_system.cpp:265]: Script system error!
  Error: Event target link 'c' returned an unset scope
  Script location: file: common/on_actions/worwm_code_on_actions.txt line: 105

[19:29:57][jomini_script_system.cpp:265]: Script system error!
  Error: is_subject_of trigger [ Invalid Country! ]
  Script location: file: common/on_actions/worwm_code_on_actions.txt line: 105

[19:29:57][jomini_script_system.cpp:265]: Script system error!
  Error: Event target link 'c' returned an unset scope
  Script location: file: common/on_actions/worwm_code_on_actions.txt line: 138

[19:29:57][jomini_script_system.cpp:265]: Script system error!
  Error: is_subject_of trigger [ Invalid Country! ]
  Script location: file: common/on_actions/worwm_code_on_actions.txt line: 138

[19:29:59][virtualfilesystem.cpp:565]: Could not find texture due to 'VFSOpen Error:  not found'
